[22:37:53] [main/WARN]: Ambiguity between arguments [teleport, destination] and [teleport, targets] with inputs: [Player, 0123, @e, dd12be42-52a9-4a91-a8a1-11c01849e498]
[22:37:53] [main/WARN]: Ambiguity between arguments [teleport, location] and [teleport, destination] with inputs: [0.1 -0.5 .9, 0 0 0]
[22:37:53] [main/WARN]: Ambiguity between arguments [teleport, location] and [teleport, targets] with inputs: [0.1 -0.5 .9, 0 0 0]
[22:37:53] [main/WARN]: Ambiguity between arguments [teleport, targets] and [teleport, destination] with inputs: [Player, 0123, dd12be42-52a9-4a91-a8a1-11c01849e498]
[22:37:53] [main/WARN]: Ambiguity between arguments [teleport, targets, location] and [teleport, targets, destination] with inputs: [0.1 -0.5 .9, 0 0 0]
[22:37:53] [Server thread/INFO]: Starting minecraft server version 1.15.2
[22:37:53] [Server thread/INFO]: Loading properties
[22:37:53] [Server thread/INFO]: Default game type: SURVIVAL
[22:37:53] [Server thread/INFO]: Generating keypair
[22:37:54] [Server thread/INFO]: Starting Minecraft server on *:25565
[22:37:54] [Server thread/INFO]: Using default channel type
[22:37:54] [Server thread/INFO]: Preparing level "world"
[22:37:55] [Server thread/INFO]: Reloading ResourceManager: Default
[22:37:56] [Server thread/INFO]: Loaded 6 recipes
[22:37:56] [Server thread/INFO]: Loaded 825 advancements
[22:37:57] [Server thread/INFO]: Preparing start region for dimension minecraft:overworld
[22:38:01] [Server thread/INFO]: Preparing spawn area: 0%
[22:38:01] [Server thread/INFO]: Preparing spawn area: 0%
[22:38:01] [Server thread/INFO]: Preparing spawn area: 0%
[22:38:01] [Server thread/INFO]: Preparing spawn area: 0%
[22:38:01] [Server thread/INFO]: Preparing spawn area: 0%
[22:38:01] [Server thread/INFO]: Preparing spawn area: 0%
[22:38:01] [Server thread/INFO]: Preparing spawn area: 0%
[22:38:01] [Server thread/INFO]: Preparing spawn area: 0%
[22:38:02] [Server thread/INFO]: Preparing spawn area: 0%
[22:38:11] [Server-Worker-6/INFO]: Preparing spawn area: 0%
[22:38:11] [Server-Worker-6/INFO]: Preparing spawn area: 0%
[22:38:11] [Server-Worker-6/INFO]: Preparing spawn area: 0%
[22:38:11] [Server-Worker-6/INFO]: Preparing spawn area: 0%
[22:38:11] [Server-Worker-2/INFO]: Preparing spawn area: 0%
[22:38:11] [Server-Worker-2/INFO]: Preparing spawn area: 0%
[22:38:11] [Server-Worker-2/INFO]: Preparing spawn area: 0%
[22:38:11] [Server-Worker-6/INFO]: Preparing spawn area: 0%
[22:38:11] [Server-Worker-6/INFO]: Preparing spawn area: 0%
[22:38:11] [Server-Worker-6/INFO]: Preparing spawn area: 0%
[22:38:11] [Server-Worker-6/INFO]: Preparing spawn area: 0%
[22:38:11] [Server-Worker-1/INFO]: Preparing spawn area: 0%
[22:38:11] [Server-Worker-3/INFO]: Preparing spawn area: 0%
[22:38:11] [Server-Worker-3/INFO]: Preparing spawn area: 0%
[22:38:11] [Server-Worker-3/INFO]: Preparing spawn area: 0%
[22:38:11] [Server-Worker-2/INFO]: Preparing spawn area: 0%
[22:38:11] [Server-Worker-5/INFO]: Preparing spawn area: 0%
[22:38:11] [Server-Worker-4/INFO]: Preparing spawn area: 0%
[22:38:11] [Server-Worker-5/INFO]: Preparing spawn area: 0%
[22:38:11] [Server-Worker-5/INFO]: Preparing spawn area: 0%
[22:38:20] [Server-Worker-5/INFO]: Preparing spawn area: 83%
[22:38:20] [Server-Worker-5/INFO]: Preparing spawn area: 83%
[22:38:20] [Server-Worker-4/INFO]: Preparing spawn area: 83%
[22:38:20] [Server-Worker-7/INFO]: Preparing spawn area: 83%
[22:38:20] [Server-Worker-3/INFO]: Preparing spawn area: 83%
[22:38:20] [Server-Worker-3/INFO]: Preparing spawn area: 83%
[22:38:20] [Server-Worker-1/INFO]: Preparing spawn area: 83%
[22:38:20] [Server-Worker-1/INFO]: Preparing spawn area: 83%
[22:38:20] [Server-Worker-2/INFO]: Preparing spawn area: 83%
[22:38:20] [Server-Worker-5/INFO]: Preparing spawn area: 83%
[22:38:20] [Server-Worker-1/INFO]: Preparing spawn area: 83%
[22:38:20] [Server-Worker-5/INFO]: Preparing spawn area: 83%
[22:38:20] [Server-Worker-5/INFO]: Preparing spawn area: 83%
[22:38:20] [Server-Worker-5/INFO]: Preparing spawn area: 83%
[22:38:20] [Server-Worker-5/INFO]: Preparing spawn area: 83%
[22:38:20] [Server-Worker-2/INFO]: Preparing spawn area: 83%
[22:38:20] [Server-Worker-2/INFO]: Preparing spawn area: 83%
[22:38:20] [Server-Worker-1/INFO]: Preparing spawn area: 83%
[22:38:21] [Server-Worker-4/INFO]: Preparing spawn area: 83%
[22:38:21] [Server-Worker-1/INFO]: Preparing spawn area: 83%
[22:38:22] [Server-Worker-1/INFO]: Preparing spawn area: 83%
[22:38:22] [Server-Worker-3/INFO]: Preparing spawn area: 83%
[22:38:23] [Server-Worker-3/INFO]: Preparing spawn area: 83%
[22:38:23] [Server-Worker-3/INFO]: Preparing spawn area: 83%
[22:38:24] [Server-Worker-3/INFO]: Preparing spawn area: 83%
[22:38:24] [Server-Worker-1/INFO]: Preparing spawn area: 83%
[22:38:25] [Server-Worker-4/INFO]: Preparing spawn area: 84%
[22:38:25] [Server-Worker-2/INFO]: Preparing spawn area: 87%
[22:38:26] [Server-Worker-2/INFO]: Preparing spawn area: 87%
[22:38:26] [Server-Worker-4/INFO]: Preparing spawn area: 87%
[22:38:27] [Server-Worker-5/INFO]: Preparing spawn area: 89%
[22:38:27] [Server-Worker-1/INFO]: Preparing spawn area: 91%
[22:38:28] [Server-Worker-4/INFO]: Preparing spawn area: 91%
[22:38:29] [Server thread/INFO]: Preparing spawn area: 94%
[22:38:29] [Server thread/INFO]: Preparing spawn area: 98%
[22:38:29] [Server thread/INFO]: Time elapsed: 31550 ms
[22:38:29] [Server thread/INFO]: Done (34.446s)! For help, type "help"
[22:40:09] [User Authenticator #1/INFO]: UUID of player Proonfrootz is d0a66585-bba9-414b-aaf8-e60ebba1a1ee
[22:40:09] [Server thread/INFO]: Proonfrootz[/127.0.0.1:56751] logged in with entity id 235 at (92.5, 75.0, 241.5)
[22:40:09] [Server thread/INFO]: Proonfrootz joined the game
[22:40:17] [Server thread/INFO]: Proonfrootz lost connection: Disconnected
[22:40:17] [Server thread/INFO]: Proonfrootz left the game
[22:40:23] [Server thread/INFO]: Stopping the server
[22:40:23] [Server thread/INFO]: Stopping server
[22:40:23] [Server thread/INFO]: Saving players
[22:40:23] [Server thread/INFO]: Saving worlds
[22:40:23] [Server thread/INFO]: Saving chunks for level 'world'/minecraft:the_nether
[22:40:23] [Server thread/INFO]: ThreadedAnvilChunkStorage (DIM-1): All chunks are saved
[22:40:23] [Server thread/INFO]: Saving chunks for level 'world'/minecraft:the_end
[22:40:23] [Server thread/INFO]: ThreadedAnvilChunkStorage (DIM1): All chunks are saved
[22:40:23] [Server thread/INFO]: Saving chunks for level 'world'/minecraft:overworld
[22:40:24] [Server thread/INFO]: ThreadedAnvilChunkStorage (world): All chunks are saved
[22:40:24] [Server thread/INFO]: ThreadedAnvilChunkStorage (DIM-1): All chunks are saved
[22:40:24] [Server thread/INFO]: ThreadedAnvilChunkStorage (DIM1): All chunks are saved
[22:40:24] [Server thread/INFO]: ThreadedAnvilChunkStorage (world): All chunks are saved
